timestamp: 2021-11-15T22:10:34.371232
CREATE TABLE "auth_user"(
    "id" INTEGER PRIMARY KEY AUTOINCREMENT,
    "first_name" CHAR(128),
    "last_name" CHAR(128),
    "email" CHAR(512),
    "password" CHAR(512),
    "registration_key" CHAR(512),
    "reset_password_key" CHAR(512),
    "registration_id" CHAR(512)
);
success!
timestamp: 2021-11-15T22:10:34.473200
CREATE TABLE "auth_group"(
    "id" INTEGER PRIMARY KEY AUTOINCREMENT,
    "role" CHAR(512),
    "description" TEXT
);
success!
timestamp: 2021-11-15T22:10:34.487195
CREATE TABLE "auth_membership"(
    "id" INTEGER PRIMARY KEY AUTOINCREMENT,
    "user_id" INTEGER REFERENCES "auth_user" ("id") ON DELETE CASCADE  ,
    "group_id" INTEGER REFERENCES "auth_group" ("id") ON DELETE CASCADE  
);
success!
timestamp: 2021-11-15T22:10:34.503191
CREATE TABLE "auth_permission"(
    "id" INTEGER PRIMARY KEY AUTOINCREMENT,
    "group_id" INTEGER REFERENCES "auth_group" ("id") ON DELETE CASCADE  ,
    "name" CHAR(512),
    "table_name" CHAR(512),
    "record_id" INTEGER
);
success!
timestamp: 2021-11-15T22:10:34.515187
CREATE TABLE "auth_event"(
    "id" INTEGER PRIMARY KEY AUTOINCREMENT,
    "time_stamp" TIMESTAMP,
    "client_ip" CHAR(512),
    "user_id" INTEGER REFERENCES "auth_user" ("id") ON DELETE CASCADE  ,
    "origin" CHAR(512),
    "description" TEXT
);
success!
timestamp: 2021-11-15T22:10:34.525183
CREATE TABLE "auth_cas"(
    "id" INTEGER PRIMARY KEY AUTOINCREMENT,
    "user_id" INTEGER REFERENCES "auth_user" ("id") ON DELETE CASCADE  ,
    "created_on" TIMESTAMP,
    "service" CHAR(512),
    "ticket" CHAR(512),
    "renew" CHAR(1)
);
success!
timestamp: 2021-11-15T22:16:20.692173
CREATE TABLE "company"(
    "id" INTEGER PRIMARY KEY AUTOINCREMENT,
    "name" CHAR(512) NOT NULL UNIQUE
);
success!
timestamp: 2021-11-15T22:16:20.715154
CREATE TABLE "contact"(
    "id" INTEGER PRIMARY KEY AUTOINCREMENT,
    "name" CHAR(512) NOT NULL,
    "company" INTEGER REFERENCES "company" ("id") ON DELETE CASCADE  ,
    "picture" CHAR(512),
    "email" CHAR(512),
    "phone_number" CHAR(512),
    "address" CHAR(512)
);
success!
timestamp: 2021-11-15T22:33:03.871498
CREATE TABLE "companies"(
    "id" INTEGER PRIMARY KEY AUTOINCREMENT,
    "name" CHAR(512) NOT NULL UNIQUE
);
success!
success!
success!
timestamp: 2021-11-15T23:06:17.848475
CREATE TABLE "contacts"(
    "id" INTEGER PRIMARY KEY AUTOINCREMENT,
    "contact_id" CHAR(512) UNIQUE,
    "first_name" CHAR(512),
    "last_name" CHAR(512),
    "home_address" CHAR(512),
    "home_city" CHAR(512),
    "home_state" CHAR(512),
    "home_zip" CHAR(512),
    "company_id" CHAR(512),
    "title" CHAR(512),
    "office_phone" CHAR(512),
    "cell_phone" CHAR(512),
    "location_id" CHAR(512),
    "email" CHAR(512),
    "contact_type_id" CHAR(512)
);
success!
success!
success!
success!
success!
success!
success!
success!
success!
success!
success!
success!
success!
success!
success!
success!
success!
success!
success!
success!
success!
success!
success!
success!
success!
success!
success!
success!
success!
success!
success!
success!
success!
success!
success!
success!
success!
success!
success!
success!
success!
success!
success!
success!
success!
success!
success!
success!
success!
success!
success!
success!
success!
success!
success!
success!
success!
success!
success!
success!
success!
success!
success!
timestamp: 2021-11-15T23:50:27.188955
ALTER TABLE "contacts" ADD "name" CHAR(512);
success!
success!
success!
success!
success!
success!
success!
success!
success!
success!
success!
success!
success!
success!
success!
success!
success!
success!
success!
success!
success!
success!
success!
success!
success!
success!
success!
success!
success!
success!
success!
success!
success!
success!
success!
success!
success!
success!
success!
success!
success!
success!
success!
success!
success!
success!
success!
success!
success!
success!
success!
success!
success!
success!
success!
success!
success!
success!
success!
success!
success!
success!
success!
success!
success!
success!
success!
success!
success!
success!
success!
success!
success!
success!
success!
success!
success!
success!
success!
success!
success!
success!
success!
success!
success!
success!
success!
success!
success!
success!
success!
success!
success!
success!
success!
success!
success!
success!
success!
success!
success!
success!
success!
success!
success!
success!
success!
success!
success!
success!
success!
success!
success!
success!
success!
success!
success!
success!
success!
success!
success!
success!
success!
success!
success!
success!
success!
success!
success!
success!
success!
success!
success!
success!
success!
success!
success!
success!
success!
success!
success!
success!
success!
success!
success!
success!
<<<<<<< HEAD
success!
success!
=======
<<<<<<< HEAD
success!
success!
success!
success!
success!
success!
success!
success!
=======
>>>>>>> ec896a45b23b3e0745d28e93d96a2a288414ef04
success!
>>>>>>> bbd8fdd0193c242fb8d4f35786cf27463179e83a
success!
success!
